<?xml version="1.0" encoding="UTF-8"?>
<!-- Generated by org.testng.reporters.JUnitReportReporter -->
<testsuite skipped="0" hostname="DESKTOP-HBF7D93" name="chalkstreet.SizeofWindow" tests="1" failures="0" timestamp="17 Feb 2019 08:38:38 GMT" time="57.349" errors="0">
  <testcase name="windows" time="57.349" classname="chalkstreet.SizeofWindow"/>
</testsuite> <!-- chalkstreet.SizeofWindow -->
