<?xml version="1.0" encoding="UTF-8"?>
<!-- Generated by org.testng.reporters.JUnitReportReporter -->
<testsuite skipped="0" hostname="DESKTOP-HBF7D93" name="guru99.JavaExesyscri" tests="1" failures="0" timestamp="19 Feb 2019 08:06:21 GMT" time="37.707" errors="0">
  <testcase name="Login" time="37.707" classname="guru99.JavaExesyscri"/>
</testsuite> <!-- guru99.JavaExesyscri -->
