<?xml version="1.0" encoding="UTF-8"?>
<!-- Generated by org.testng.reporters.JUnitReportReporter -->
<testsuite skipped="0" hostname="DESKTOP-HBF7D93" name="chalkstreet.ExplicitWait" tests="1" failures="0" timestamp="16 Feb 2019 19:33:45 GMT" time="24.715" errors="0">
  <testcase name="Exp" time="24.715" classname="chalkstreet.ExplicitWait"/>
</testsuite> <!-- chalkstreet.ExplicitWait -->
