<?xml version="1.0" encoding="UTF-8"?>
<!-- Generated by org.testng.reporters.JUnitReportReporter -->
<testsuite skipped="0" hostname="DESKTOP-HBF7D93" name="basic.Facebooktitle" tests="1" failures="0" timestamp="23 Feb 2019 10:32:08 GMT" time="38.001" errors="0">
  <testcase name="test1" time="38.001" classname="basic.Facebooktitle"/>
</testsuite> <!-- basic.Facebooktitle -->
