<?xml version="1.0" encoding="UTF-8"?>
<!-- Generated by org.testng.reporters.JUnitReportReporter -->
<testsuite skipped="0" hostname="DESKTOP-HBF7D93" name="basic.PageTitle" tests="1" failures="0" timestamp="17 Feb 2019 20:22:13 GMT" time="10.229" errors="0">
  <testcase name="verifyTitle" time="10.229" classname="basic.PageTitle"/>
</testsuite> <!-- basic.PageTitle -->
