<?xml version="1.0" encoding="UTF-8"?>
<!-- Generated by org.testng.reporters.JUnitReportReporter -->
<testsuite skipped="0" hostname="DESKTOP-HBF7D93" name="pageobj.Ex1" tests="1" failures="0" timestamp="17 Feb 2019 19:20:53 GMT" time="16.800" errors="0">
  <testcase name="testNoParameter" time="16.800" classname="pageobj.Ex1"/>
</testsuite> <!-- pageobj.Ex1 -->
