<?xml version="1.0" encoding="UTF-8"?>
<!-- Generated by org.testng.reporters.JUnitReportReporter -->
<testsuite skipped="0" hostname="DESKTOP-HBF7D93" name="testngFailed.TestCase2" tests="1" failures="0" timestamp="02 Mar 2019 14:26:29 GMT" time="0.002" errors="0">
  <testcase name="testtwitter" time="0.002" classname="testngFailed.TestCase2"/>
</testsuite> <!-- testngFailed.TestCase2 -->
