<?xml version="1.0" encoding="UTF-8"?>
<!-- Generated by org.testng.reporters.JUnitReportReporter -->
<testsuite skipped="0" hostname="DESKTOP-HBF7D93" name="basic.BootStrappopup" tests="1" failures="0" timestamp="17 Feb 2019 20:08:24 GMT" time="9.368" errors="0">
  <testcase name="popup" time="9.368" classname="basic.BootStrappopup"/>
</testsuite> <!-- basic.BootStrappopup -->
