<?xml version="1.0" encoding="UTF-8"?>
<!-- Generated by org.testng.reporters.JUnitReportReporter -->
<testsuite skipped="0" hostname="DESKTOP-HBF7D93" name="guru99.DragandDropex3" tests="1" failures="0" timestamp="19 Mar 2019 17:03:21 GMT" time="75.887" errors="0">
  <testcase name="DragnDrop" time="75.887" classname="guru99.DragandDropex3"/>
</testsuite> <!-- guru99.DragandDropex3 -->
