<?xml version="1.0" encoding="UTF-8"?>
<!-- Generated by org.testng.reporters.JUnitReportReporter -->
<testsuite skipped="0" hostname="DESKTOP-HBF7D93" name="testngFailed.TestCase3" tests="1" failures="0" timestamp="03 May 2019 04:33:54 GMT" time="0.019" errors="0">
  <testcase name="testsnapchat" time="0.019" classname="testngFailed.TestCase3"/>
</testsuite> <!-- testngFailed.TestCase3 -->
