<?xml version="1.0" encoding="UTF-8"?>
<!-- Generated by org.testng.reporters.JUnitReportReporter -->
<testsuite skipped="0" hostname="DESKTOP-HBF7D93" name="basic.LaunchBrowser" tests="1" failures="0" timestamp="04 Feb 2019 16:01:55 GMT" time="18.092" errors="0">
  <testcase name="launch" time="18.092" classname="basic.LaunchBrowser"/>
</testsuite> <!-- basic.LaunchBrowser -->
