<?xml version="1.0" encoding="UTF-8"?>
<!-- Generated by org.testng.reporters.JUnitReportReporter -->
<testsuite skipped="0" hostname="DESKTOP-HBF7D93" name="guru99.SessionIDex" tests="1" failures="0" timestamp="20 Feb 2019 12:02:35 GMT" time="30.984" errors="0">
  <testcase name="Sess" time="30.984" classname="guru99.SessionIDex"/>
</testsuite> <!-- guru99.SessionIDex -->
