<?xml version="1.0" encoding="UTF-8"?>
<!-- Generated by org.testng.reporters.JUnitReportReporter -->
<testsuite skipped="0" hostname="DESKTOP-HBF7D93" name="basic.ScrollView" tests="1" failures="0" timestamp="07 Feb 2019 17:22:04 GMT" time="23.249" errors="0">
  <testcase name="scrollinto" time="23.249" classname="basic.ScrollView"/>
</testsuite> <!-- basic.ScrollView -->
