<?xml version="1.0" encoding="UTF-8"?>
<!-- Generated by org.testng.reporters.JUnitReportReporter -->
<testsuite skipped="1" hostname="DESKTOP-HBF7D93" name="ddt.FacebookLogin2" tests="1" failures="0" timestamp="23 Feb 2019 11:14:30 GMT" time="0.000" errors="0">
  <testcase name="loginfb" time="0.000" classname="ddt.FacebookLogin2">
    <skipped/>
  </testcase> <!-- loginfb -->
</testsuite> <!-- ddt.FacebookLogin2 -->
