<?xml version="1.0" encoding="UTF-8"?>
<!-- Generated by org.testng.reporters.JUnitReportReporter -->
<testsuite skipped="0" hostname="DESKTOP-HBF7D93" name="chalkstreet.DatefrmCalender" tests="1" failures="0" timestamp="17 Feb 2019 06:47:58 GMT" time="26.622" errors="0">
  <testcase name="DatePic" time="26.622" classname="chalkstreet.DatefrmCalender"/>
</testsuite> <!-- chalkstreet.DatefrmCalender -->
