<?xml version="1.0" encoding="UTF-8"?>
<!-- Generated by org.testng.reporters.JUnitReportReporter -->
<testsuite skipped="0" hostname="DESKTOP-HBF7D93" name="guru99.TestNGEx" tests="1" failures="0" timestamp="21 Feb 2019 04:46:28 GMT" time="42.929" errors="0">
  <testcase name="basic" time="42.929" classname="guru99.TestNGEx"/>
</testsuite> <!-- guru99.TestNGEx -->
