<?xml version="1.0" encoding="UTF-8"?>
<!-- Generated by org.testng.reporters.JUnitReportReporter -->
<testsuite skipped="0" hostname="DESKTOP-HBF7D93" name="guru99.DragandDropex3" tests="1" failures="0" timestamp="19 Feb 2019 06:59:14 GMT" time="15.846" errors="0">
  <testcase name="DragnDrop" time="15.846" classname="guru99.DragandDropex3"/>
</testsuite> <!-- guru99.DragandDropex3 -->
