<?xml version="1.0" encoding="UTF-8"?>
<!-- Generated by org.testng.reporters.JUnitReportReporter -->
<testsuite skipped="0" hostname="DESKTOP-HBF7D93" name="basic.ScrollIn" tests="1" failures="0" timestamp="07 Feb 2019 17:10:23 GMT" time="19.281" errors="0">
  <testcase name="Scroll" time="19.281" classname="basic.ScrollIn"/>
</testsuite> <!-- basic.ScrollIn -->
