<?xml version="1.0" encoding="UTF-8"?>
<!-- Generated by org.testng.reporters.JUnitReportReporter -->
<testsuite skipped="0" hostname="DESKTOP-HBF7D93" name="chalkstreet.GetAttribute" tests="1" failures="0" timestamp="16 Feb 2019 18:55:13 GMT" time="20.413" errors="0">
  <testcase name="Text" time="20.413" classname="chalkstreet.GetAttribute"/>
</testsuite> <!-- chalkstreet.GetAttribute -->
