<?xml version="1.0" encoding="UTF-8"?>
<!-- Generated by org.testng.reporters.JUnitReportReporter -->
<testsuite skipped="0" hostname="DESKTOP-HBF7D93" name="chalkstreet.GetText" tests="1" failures="0" timestamp="16 Feb 2019 18:47:54 GMT" time="12.723" errors="0">
  <testcase name="Text" time="12.723" classname="chalkstreet.GetText"/>
</testsuite> <!-- chalkstreet.GetText -->
