<?xml version="1.0" encoding="UTF-8"?>
<!-- Generated by org.testng.reporters.JUnitReportReporter -->
<testsuite skipped="0" hostname="DESKTOP-HBF7D93" name="basic.TestngDemo" tests="1" failures="0" timestamp="04 Feb 2019 15:46:47 GMT" time="0.016" errors="0">
  <testcase name="Test1" time="0.016" classname="basic.TestngDemo"/>
</testsuite> <!-- basic.TestngDemo -->
