<?xml version="1.0" encoding="UTF-8"?>
<!-- Generated by org.testng.reporters.JUnitReportReporter -->
<testsuite skipped="0" hostname="DESKTOP-HBF7D93" name="TestNgEx.MyfirstLiseners" tests="1" failures="0" timestamp="20 Feb 2019 17:45:13 GMT" time="9.337" errors="0">
  <testcase name="googletitleverify" time="9.337" classname="TestNgEx.MyfirstLiseners"/>
</testsuite> <!-- TestNgEx.MyfirstLiseners -->
