<?xml version="1.0" encoding="UTF-8"?>
<!-- Generated by org.testng.reporters.JUnitReportReporter -->
<testsuite skipped="0" hostname="DESKTOP-HBF7D93" name="guru99.TestNGEx" tests="1" failures="0" timestamp="20 Feb 2019 11:48:38 GMT" time="23.047" errors="0">
  <testcase name="basic" time="23.047" classname="guru99.TestNGEx"/>
</testsuite> <!-- guru99.TestNGEx -->
