<?xml version="1.0" encoding="UTF-8"?>
<!-- Generated by org.testng.reporters.JUnitReportReporter -->
<testsuite skipped="0" hostname="DESKTOP-HBF7D93" name="TestNgEx.SessionIdEx" tests="3" failures="0" timestamp="02 May 2019 04:41:32 GMT" time="176.919" errors="0">
  <testcase name="executeSessionTwo" time="51.616" classname="TestNgEx.SessionIdEx"/>
  <testcase name="executSessionThree" time="46.837" classname="TestNgEx.SessionIdEx"/>
  <testcase name="executSessionOne" time="78.466" classname="TestNgEx.SessionIdEx"/>
</testsuite> <!-- TestNgEx.SessionIdEx -->
