<?xml version="1.0" encoding="UTF-8"?>
<!-- Generated by org.testng.reporters.JUnitReportReporter -->
<testsuite skipped="0" hostname="DESKTOP-HBF7D93" name="guru99.TestNGEx" tests="1" failures="0" timestamp="22 Mar 2019 05:58:22 GMT" time="95.950" errors="0">
  <testcase name="basic" time="95.950" classname="guru99.TestNGEx"/>
</testsuite> <!-- guru99.TestNGEx -->
