<?xml version="1.0" encoding="UTF-8"?>
<!-- Generated by org.testng.reporters.JUnitReportReporter -->
<testsuite skipped="0" hostname="DESKTOP-HBF7D93" name="autoIt.AutoITEx1" tests="1" failures="0" timestamp="10 Feb 2019 06:28:09 GMT" time="17.992" errors="0">
  <testcase name="Auto" time="17.992" classname="autoIt.AutoITEx1"/>
</testsuite> <!-- autoIt.AutoITEx1 -->
