<?xml version="1.0" encoding="UTF-8"?>
<!-- Generated by org.testng.reporters.JUnitReportReporter -->
<testsuite skipped="0" hostname="DESKTOP-HBF7D93" name="chalkstreet.JavaScript" tests="1" failures="0" timestamp="17 Feb 2019 08:19:59 GMT" time="30.467" errors="0">
  <testcase name="Script" time="30.467" classname="chalkstreet.JavaScript"/>
</testsuite> <!-- chalkstreet.JavaScript -->
