<?xml version="1.0" encoding="UTF-8"?>
<!-- Generated by org.testng.reporters.JUnitReportReporter -->
<testsuite skipped="0" hostname="DESKTOP-HBF7D93" name="com.wordpress.testcases.Verifyclass" tests="1" failures="0" timestamp="18 Feb 2019 07:13:08 GMT" time="28.328" errors="0">
  <testcase name="verifypage" time="28.328" classname="com.wordpress.testcases.Verifyclass"/>
</testsuite> <!-- com.wordpress.testcases.Verifyclass -->
