<?xml version="1.0" encoding="UTF-8"?>
<!-- Generated by org.testng.reporters.JUnitReportReporter -->
<testsuite skipped="0" hostname="DESKTOP-HBF7D93" name="chalkstreet.HiddenElement" tests="2" failures="0" timestamp="16 Feb 2019 18:42:59 GMT" time="48.792" errors="0">
  <testcase name="Letsdoit" time="20.131" classname="chalkstreet.HiddenElement"/>
  <testcase name="expedia" time="28.661" classname="chalkstreet.HiddenElement"/>
</testsuite> <!-- chalkstreet.HiddenElement -->
